3.867855381027148098e+01
4.552117139445371663e+01
2.943232777854881022e+01
4.547998609387902746e+01
2.288520124015545321e+01
4.333296104450976571e+01
5.190920075251643340e+01
7.545435375617552154e+01
5.055704034124969581e+01
4.314953561051629549e+01
2.589648994284322825e+01
5.845333043443902454e+01
5.835622445306873374e+01
5.706551980870579399e+01
4.757850240299710975e+01
5.040933041159951244e+01
3.353661811883310406e+01
3.599818018942807640e+01
4.453358815844960361e+01
4.579628884795940991e+01
6.143683184025216804e+01
6.409248370223200197e+01
3.984321577061394493e+01
3.110373519518447694e+01
6.657444902160077049e+01
5.963018500746744621e+01
4.892939509041193702e+01
4.143430957745300702e+01
1.941665153074164252e+01
4.095786050846531623e+01
3.760505536931219694e+01
5.370671447464687986e+01
5.738805694794898216e+01
5.488435608871949967e+01
4.117542912698914392e+01
2.169994571086598256e+01
4.664739668604418910e+01
4.237610068818424480e+01
5.560827141721873801e+01
6.486703628829826584e+01
4.267209161219772540e+01
5.281173037629262978e+01
7.870660229925772455e+01
4.821873470576009169e+01
3.892667765556346637e+01
5.428724348385603804e+01
5.304913491804617109e+01
5.887265700726089790e+01
2.977268347762981193e+01
8.853678912630020648e+01
7.185370874018695986e+01
6.106140941197377714e+01
4.694588034849490299e+01
4.990441582610531412e+01
3.364600894040162160e+01
3.404618786014502518e+01
4.831221274296700585e+01
5.138274944965230873e+01
6.467794329089043970e+01
4.159101593075082803e+01
3.827646030752996609e+01
6.099011435643268442e+01
2.520100392118945365e+01
5.693633389491159846e+01
1.850111984959726286e+01
3.830929612479001634e+01
7.935578926908247865e+01
3.712449879964107424e+01
4.160667478658545804e+01
3.112167135564707365e+01
5.774755963900181399e+01
6.272542981384003014e+01
5.287141809266238113e+01
4.517938503338812239e+01
5.016204516694592996e+01
3.779522493181796960e+01
6.251161286916746462e+01
4.860371276003120755e+01
7.320377796411068516e+01
4.807740147765390049e+01
4.228532233546891916e+01
4.186125391950139374e+01
7.665385650111431914e+01
4.899841839320059478e+01
7.383877221768830168e+01
5.105337797365093877e+01
3.940435042801821197e+01
3.283270964749592480e+01
5.099069733795666082e+01
5.427202694682119244e+01
5.966919716372578364e+01
4.962803642817583949e+01
4.653928682659457650e+01
4.032428479498674534e+01
3.934569483966907200e+01
2.273389141626842047e+01
6.232916513693870542e+01
3.982405534944434322e+01
2.735242898436270309e+01
3.604998079066757555e+01
4.665615574274777089e+01
3.776975262578228865e+01
5.713244336916316257e+01
5.062854990152148105e+01
6.512847773300894971e+01
5.381963796198779448e+01
4.253663720804919990e+01
8.850449151543460857e+01
4.223434567481243818e+01
4.219087614262146246e+01
5.130722969232974862e+01
4.768441768210650622e+01
3.841861647423161941e+01
3.016018397976290899e+01
6.063936847409578945e+00
4.929853487984116356e+01
5.829010249490960405e+01
4.094385499481401780e+01
3.885158982791446647e+01
4.995164291293537673e+01
4.585434403305369244e+01
5.043119357796411606e+01
4.304858642618475528e+01
6.493033421569988661e+01
6.024801736032746646e+01
2.589780741428299393e+01
4.824539360308865099e+01
7.560451830038445564e+01
3.853733090821898344e+01
5.619386856185480639e+01
4.594714665329722436e+01
4.707486585162952508e+01
4.530075207602082799e+01
6.598532672989499304e+01
4.755703727420240057e+01
4.933226897864509652e+01
2.398974323346658721e+01
3.613052822719179602e+01
3.127568068790430900e+01
7.233430844397791759e+01
3.913783630599597529e+01
3.633938021269387519e+01
5.001696292727338999e+01
6.693761211875462891e+01
4.886043079329598982e+01
5.211224186901456790e+01
6.135533970718498864e+01
4.302295042180250562e+01
5.475889523512458368e+01
6.292826996298708764e+01
4.339167308564219638e+01
5.342733894559399488e+01
7.599876443993534281e+01
4.392608948690200066e+01
5.749729984497829349e+01
2.986608721265998057e+01
3.895035602256999852e+01
5.864496953971071491e+01
3.625830065528719359e+01
3.254082694694122324e+01
5.279770476720985073e+01
6.022606687093191624e+01
4.434476797119875613e+01
3.230286692354772526e+01
4.151559091796634249e+01
4.888065170341154442e+01
5.091367655791290048e+01
4.609195167885518174e+01
5.822221820625046007e+01
3.533063019157102502e+01
2.293068576327138786e+01
3.851604758161729336e+01
5.247731511810091831e+01
6.063826331103540213e+01
5.256926714065178174e+01
4.578123500868107953e+01
4.757696242578211354e+01
5.475222542129359482e+01
5.775128952676160310e+01
5.154973526102877912e+01
4.856071406743284768e+01
6.253143367344057424e+01
6.508728211400386954e+01
4.736587746731337489e+01
5.901467066266691575e+01
5.799662062198364509e+01
4.646192001357091783e+01
4.548940921863731290e+01
6.015924005498325755e+01
4.162342469031082715e+01
5.293808295755530224e+01
6.509034815322314671e+01
5.025627308242822977e+01
3.656109416886862817e+01
6.725566458362183653e+01
4.127772621992995283e+01
6.041927931590782208e+01
6.553945199092542850e+01
2.598423682932961754e+01
4.197874689250848235e+01
