3.308302641257996157e+01
6.145883947536010794e+01
7.137061670660094137e+01
4.726153376424210251e+01
3.960045464281150629e+01
5.940833406265799255e+01
3.729844823104460261e+01
4.700235544355569317e+01
3.566285158420108559e+01
5.821871605435043051e+01
5.334728060551181983e+01
4.967669876739599744e+01
5.920407144176797942e+01
5.592042405638537161e+01
4.779090065856771474e+01
7.380386063871503666e+01
3.972310171300674142e+01
4.850999929613255546e+01
4.902638689739637101e+01
4.980625889682393392e+01
5.186296209053284656e+01
6.240910366634740569e+01
4.412833259559926091e+01
4.170025090048999061e+01
3.902374823743114973e+01
5.973048359173016308e+01
5.453301390929532033e+01
5.489392905487542151e+01
4.847548652983041961e+01
6.664782480092019057e+01
8.502278337073371972e+01
4.364012769416054738e+01
6.906135694437544714e+01
5.321787629097506311e+01
4.916473828703334448e+01
8.625022510474786941e+01
4.977320132078254034e+01
4.178771401692594623e+01
4.178303848246709862e+01
2.621069197060696609e+01
6.612646084050527406e+01
4.738214300213682861e+01
5.856676121812059677e+01
7.117127500338051505e+01
4.314231623505796875e+01
5.848462469276749687e+01
7.702308033775931051e+01
5.753123147656210534e+01
5.242536991369383514e+01
4.007092760979701040e+01
4.955431223315021327e+01
3.742647913547835969e+01
4.110497999955507709e+01
5.857196882443011532e+01
4.259725053711233755e+01
5.735573543826805576e+01
5.824269630622841731e+01
1.391400505640422125e+01
5.748736406079166983e+01
5.197967761949795573e+01
5.773155123046400661e+01
6.768001320516327723e+01
5.737453592843310446e+01
4.663341427534485462e+01
5.754886919872652129e+01
8.263134114642474515e+01
5.712032564337010854e+01
2.974720252973232704e+01
6.608022493559997201e+01
4.091230688044900177e+01
4.342487238990121767e+01
5.544383375018524873e+01
7.105898649935606670e+01
5.776088482154962378e+01
3.740079502105282927e+01
6.540071469275240190e+01
4.824159059617933565e+01
4.472481186629534022e+01
3.674313963222481050e+01
3.623786497125639983e+01
5.770024438521532772e+01
3.991602170420902240e+01
4.714133791560330167e+01
3.699902184333803490e+01
1.920210545679356073e+01
4.296041279375884869e+01
4.956299286344655286e+01
5.934320326586416172e+01
4.602759868432001866e+01
4.704489206925572375e+01
4.837756168002192680e+01
7.312215898462471841e+01
4.805099899928627138e+01
1.469054097134762316e+01
3.316413910927499842e+01
5.729079016160314097e+01
7.378181358810647339e+01
4.224813767943868470e+01
7.519727363760642902e+01
4.935160426216268803e+01
4.114178361083887836e+01
4.461075065028641262e+01
5.219156465554352309e+01
4.229331415035264286e+01
4.281214519856797551e+01
5.346598235754907336e+01
4.764101070311721742e+01
4.498598948523058993e+01
5.094027834812009559e+01
5.443868484899191174e+01
6.388092739429939115e+01
4.130665083941916293e+01
5.230624246530325649e+01
4.262666829188915329e+01
5.200304868463513230e+01
6.031710512440441363e+01
5.008647074259830134e+01
3.720711098557899987e+01
5.406817868025765961e+01
3.665379072539116123e+01
1.995383300174191987e+01
2.607901093481201826e+01
4.237962676956393437e+01
4.796047162716675416e+01
4.367230419987272683e+01
5.972631994522014054e+01
3.146829675687279604e+01
4.288806966153562428e+01
7.674647972879947133e+01
4.249155066847832529e+01
5.053701669263980278e+01
5.316564262127693041e+01
4.769263738123854068e+01
4.267619437868683008e+01
3.864344651050129187e+01
4.835513877595487031e+01
6.646382471147776982e+01
5.066187645528238903e+01
4.455706899832794932e+01
7.142508584989028009e+01
6.672757148594898524e+01
2.120821689271604171e+01
5.999661976832825871e+01
5.979469469774689827e+01
5.795201398333369269e+01
5.353631824675735373e+01
5.322495671594310807e+01
3.973452739929889788e+01
4.766940802558927714e+01
5.958026309876104420e+01
5.051514455942530191e+01
5.704361082133141281e+01
5.327514275949146594e+01
2.387352271742732412e+01
2.052168489090107784e+01
4.842527760018714389e+01
5.459492370228090863e+01
5.217042034223048574e+01
4.660395521319534140e+01
5.715049465474578483e+01
3.922146497619765171e+01
6.884296882454538036e+01
5.032766582169608682e+01
7.156287124820731549e+01
5.196658764268021713e+01
4.971365233596571187e+01
4.308170271195063350e+01
6.361728999439840493e+01
5.700110990967222335e+01
4.691731968910674766e+01
5.370084070633924966e+01
6.526268957302136187e+01
5.165075724722900219e+01
4.520490530765857784e+01
5.053469833815247370e+01
4.756055054632515322e+01
5.358388878364957719e+01
2.221638395468378491e+01
4.067333779206288114e+01
5.050573254141188073e+01
6.619191909670857399e+01
6.567753249391458326e+01
5.227350292965226686e+01
6.356449008751224028e+01
5.153227673879987947e+01
4.250392778477572620e+01
4.626430568770838647e+01
2.587660533958333886e+01
7.444973692891861106e+01
5.609212616633026016e+01
4.801334588148385762e+01
3.903901672488980523e+01
5.365269476339310728e+01
6.534795767508047959e+01
5.597753397984083534e+01
4.137821767260363970e+01
5.765295715964902001e+01
4.820578442828643517e+01
3.963692525707665482e+01
3.831019627690398721e+01
