6.993219660724318487e+01
4.277375592778786739e+01
5.679937750295648868e+01
4.917959769184469820e+01
6.272629501087689619e+01
4.342335230576632910e+01
7.422734768562534668e+01
2.988011905783650590e+01
6.225213465616259612e+01
2.632021604800714343e+01
3.063037807465794771e+01
5.150583644704181552e+01
5.108239380733542134e+01
5.775399628711810607e+01
5.796483566865088477e+01
3.226188978863832091e+01
5.031191095778044797e+01
5.447691625590149300e+01
5.156585697915691924e+01
6.854986754271602933e+01
5.077040797692541929e+01
2.825345350499078734e+01
4.813604690401388808e+01
7.193553367715851721e+01
6.441825793662982846e+01
6.751646057306008686e+01
6.657583031975214283e+01
5.804569914629291816e+01
5.869507344453680986e+01
5.101835628146262991e+01
5.357493808978461658e+01
5.761734690490224153e+01
4.238171386094528259e+01
5.067657557789712541e+01
4.262139655157132978e+01
6.260812273346851953e+01
4.020860839948234400e+01
5.131925887756707283e+01
3.300960446155983163e+01
6.828549592651410194e+01
5.651969812659446291e+01
6.230464353321008986e+01
4.423296440121023920e+01
6.430583504181336707e+01
3.432619984494224497e+01
5.506781084431991502e+01
8.594075014614372776e+01
5.857976413841951313e+01
3.879492759946704439e+01
4.070814081980238086e+01
5.979191249407412556e+01
4.832538793819228573e+01
4.168662000291305958e+01
3.174472954588471652e+01
3.751665700145711213e+01
5.375583481723366219e+01
4.513733925831872540e+01
4.771717804685923880e+01
5.088193796059302088e+01
4.628575407900533634e+01
5.919027114979300563e+01
6.967272841659118399e+01
5.296598504638576799e+01
1.954049187243567332e+01
5.842338803702912031e+01
4.248649661757823992e+01
6.149091691352803224e+01
3.416263431372019710e+01
5.071853171665869553e+01
6.742055737881531741e+01
5.861358400917661982e+01
5.430212157521942373e+01
4.120417113130511666e+01
6.686019336130415525e+01
3.232439008791094182e+01
6.474034708103093294e+01
3.269894783917156644e+01
4.066718018114178079e+01
5.185871659484781304e+01
4.873448612442136607e+01
5.691872089964068948e+01
7.075688473593088190e+01
5.902016816291511248e+01
5.142374866531748268e+01
6.645551634589446621e+01
4.389306010015884141e+01
3.838124699159175179e+01
4.100859563221080606e+01
5.518157758861987361e+01
5.020186852667013966e+01
6.192966165725308514e+01
6.356475069244604015e+01
5.581791679330564904e+01
4.791186355475141312e+01
5.817242973253989646e+01
4.773702013999169225e+01
5.072123517354997801e+01
8.830802427179597203e+01
6.212386023340585695e+01
5.395119673486581036e+01
7.780388808562818781e+01
5.214304796199787262e+01
4.599050626366739181e+01
3.736566999918805720e+01
4.037692421978056245e+01
3.614884904578178748e+01
4.310496934870079855e+01
7.267052196866781344e+01
4.725594668901496931e+01
5.086017473892302831e+01
3.784845543920087607e+01
8.257079709882998486e+01
4.255211987724548095e+01
6.657699300439665535e+01
4.299934492638861627e+01
4.189256963560605129e+01
5.821249421360723630e+01
5.670487842095069908e+01
5.172509363205828947e+01
4.729529454692848134e+01
4.344312014673671740e+01
6.096998864090876680e+01
2.157118429533020532e+01
4.371948291107374018e+01
2.658784224927198991e+01
7.235554319615152963e+01
5.265697902988722490e+01
5.459997814330100852e+01
5.217517846430065021e+01
6.499337511054524441e+01
4.135323416862878076e+01
4.212165972032624950e+01
5.509515973031361824e+01
4.571847650445847933e+01
5.470456971963822923e+01
3.617721110442354160e+01
5.302998589113552441e+01
5.678839868666526769e+01
5.459186154287118597e+01
5.834912984936939040e+01
5.043338359854705999e+01
6.161897709117090471e+01
5.525231322749883134e+01
4.279067152723767009e+01
3.478874450993929912e+01
4.322821366336987126e+01
4.503188534005224852e+01
6.300984118392559452e+01
3.015505216910020891e+01
5.199881066297552934e+01
3.540833155951698075e+01
4.523420681178208724e+01
5.788762270383536901e+01
7.022472906334705556e+01
3.784833506110197732e+01
5.313377360074090205e+01
4.779822453452754871e+01
4.408897934716878808e+01
5.758340301874522282e+01
4.095677771238971587e+01
3.241539892752020080e+01
5.394828997142079885e+01
5.457744244948344914e+01
4.840921150683446683e+01
1.460839442204584770e+01
7.809043498350681034e+01
5.294339284215056551e+01
5.807125740279732895e+01
4.237872703371777305e+01
5.177587163160777806e+01
3.551291417667928840e+01
4.281039174717820828e+01
4.368409504919436159e+01
4.078810833548522652e+01
5.362432885046396791e+01
4.083273023933404744e+01
7.695341219121374365e+01
7.630067168095870045e+01
6.313417157363747378e+01
5.106683992717118770e+01
4.779882862343453098e+01
5.621094610619405074e+01
3.720579957870601362e+01
4.248884977523195516e+01
6.605889668572393703e+01
2.973964775344584766e+01
5.785466551572558558e+01
6.942364842642209055e+01
5.370177047622169653e+01
4.374060164278485274e+01
2.970735405432688836e+01
6.290445660577461950e+01
5.675920677160304706e+01
6.084116614517279942e+01
5.325887894375388498e+01
4.397602479074840431e+01
4.464548720506461166e+01
3.992383087410531317e+01
4.660669077126428306e+01
4.035793564082375440e+01
