3.733120329482331812e+01
5.388354985607299596e+01
6.699552271335805642e+01
5.880950443592573862e+01
4.482363674932717146e+01
5.935854672466622617e+01
5.186620024541445417e+01
5.921944983763970072e+01
3.608744870104490587e+01
6.291373397090243458e+01
1.710371433296914034e+01
6.658960554430767331e+01
5.930880121556869966e+01
2.788493620556986841e+01
5.872629993727547060e+01
5.182860924467568964e+01
4.489553779159489011e+01
4.259598725884616499e+01
4.850959748812933015e+01
4.235581453456031653e+01
4.674127125670446503e+01
5.192472178044064179e+01
5.793081933122749660e+01
6.227457610821878120e+01
2.707533616285603628e+01
6.602191221188782322e+01
3.886288258583109467e+01
5.669846580183913431e+01
3.854676860232129343e+01
6.578653357588360961e+01
3.892582364052714183e+01
6.345065356957947245e+01
3.629430223582760817e+01
3.879525828276146626e+01
5.163422076466002153e+01
6.278706129049975004e+01
3.742177784846161614e+01
2.757548814917315028e+01
6.880075051924796981e+01
4.829228625990616308e+01
5.646346195835733539e+01
5.772418509884429483e+01
3.719372547477807700e+01
3.327454616118870945e+01
4.657946066938530549e+01
3.420598587227419785e+01
7.419174717751202763e+01
6.411596100101253626e+01
5.995678042173720712e+01
6.626035040748730864e+01
2.931542240883263162e+01
5.366914038221978700e+01
3.711312374876145270e+01
3.421819239154982739e+01
6.428555672244836217e+01
6.805171692322674915e+01
4.218806605633901086e+01
3.163616004688122985e+01
5.394879035045801885e+01
5.545496584073616475e+01
4.662208491321693060e+01
5.651480471974678466e+01
4.048591488955150197e+01
4.085110022183609857e+01
2.466561447616550851e+01
5.176906926738858061e+01
5.386397380288747172e+01
5.618027546519186188e+01
5.602628187115703184e+01
5.769090943255859827e+01
4.390570467717753189e+01
5.658761959664514052e+01
3.985616921220137243e+01
4.991702790507412146e+01
4.329492995741915706e+01
4.763851019711703572e+01
7.573639687927800423e+01
4.603361671347390427e+01
3.441579400817602163e+01
5.690072377487541644e+01
3.724087833646598966e+01
5.952916464623012871e+01
5.451164134379919801e+01
3.941428008870432365e+01
5.104019485395851774e+01
5.495098120908640738e+01
4.258359250527359308e+01
5.963180546841555696e+01
2.986831447146655805e+01
4.358541958573615460e+01
8.089153832387881948e+01
4.161986152447217790e+01
3.112684092703947414e+01
5.996142143634997268e+01
4.463494136811920043e+01
6.206939658375863189e+01
7.020643902126184344e+01
4.739326443369797204e+01
7.405322458514014272e+01
4.364450683615218196e+01
5.958412459924559812e+01
2.712050849399996366e+01
4.402497027348590564e+01
4.902828897176309653e+01
7.877698146368534537e+01
4.365675846251882319e+01
6.612668689964903024e+01
5.851719569594888526e+01
5.895196279302526676e+01
5.887363487646675253e+01
2.080482862017273860e+01
6.849113366298180949e+01
2.456456045396923926e+01
3.113891859741931967e+01
6.181215161611355313e+01
5.070312107419641734e+01
5.116771443024874344e+01
4.917163619738054336e+01
4.560235504099878767e+01
6.938867344360402001e+01
5.972238442778495227e+01
5.342029008351155284e+01
3.952531439366676125e+01
4.877953961895097024e+01
4.765477419884102517e+01
2.744641357523367375e+01
3.303364535617980380e+01
4.470967972282213054e+01
2.691578457085699938e+01
4.982694206125878367e+01
6.419345195231871060e+01
7.739339704887750315e+01
4.667486411042409600e+01
5.338929887168442434e+01
3.251191532030291853e+01
2.415134032211880921e+01
3.308041465606738996e+01
5.825664274545347610e+01
5.687197631978474277e+01
5.730434430734884899e+01
6.964208155658752730e+01
4.553543295098972976e+01
6.755604561337540304e+01
5.818120879601320183e+01
7.424675887089485116e+01
5.447212684939159288e+01
4.399425099134005990e+01
5.582569932806116242e+01
7.153211810247435665e+01
2.958279066355125053e+01
4.832968830950125749e+01
5.819375119556985254e+01
6.395169712000133444e+01
6.494374631037747747e+01
3.964788576455336511e+01
3.067308637406247485e+01
4.908972584080211732e+01
3.957202569522461033e+01
3.358648342255295915e+01
6.009956429394486577e+01
7.450230079498339819e+01
2.128227461996770842e+01
3.976965088496751832e+01
2.958844980504895261e+01
4.355718319329466226e+01
7.014906891599898131e+01
7.197771825756800013e+01
5.406953241613089034e+01
6.836714691407509292e+01
7.947500034451294937e+01
6.757215905792929789e+01
4.262713604714583226e+01
3.055481664612589299e+01
5.002386258539405617e+01
5.581706668288647677e+01
5.486920992203199177e+01
2.620641547074314559e+01
4.303468025022380061e+01
3.450408168219344418e+01
2.470024655174821504e+01
4.261992790614517190e+01
1.015887260942290737e+02
4.929145561323505831e+01
4.113056345983206086e+01
6.231352848818862356e+01
4.589332584703668516e+01
4.468030024807421086e+01
2.244850039342016501e+01
5.641657692660312762e+01
4.775782010661934862e+01
5.759396867224923255e+01
3.342276375797355570e+01
4.567362652501225284e+01
4.093998555951371543e+01
4.559596162639828520e+01
6.008471488670039662e+01
5.539807336565701945e+01
5.675620785418731629e+01
3.464843978219530385e+01
3.861865575949979501e+01
