4.835589951808572806e+01
5.653298785872447496e+01
4.233593680397057568e+01
4.946562886456311503e+01
4.759785179102561870e+01
4.136292871959398099e+01
5.517368309290588968e+01
4.679791693367027960e+01
4.096148011441514569e+01
4.425751247106198605e+01
3.061404104160857997e+01
3.576417444346012076e+01
2.090310485561712994e+01
5.910540961118917380e+01
3.285941681379242851e+01
5.241757583129285081e+01
5.642339247021168802e+01
3.834590854868359600e+01
3.657986698253288438e+01
5.986361492512275362e+01
5.894890144349815841e+01
6.922700158978670970e+01
6.035453020735391760e+01
4.782842755596333006e+01
7.339335875273270915e+01
6.767341886451012556e+01
7.765115683337901942e+01
2.164799726961343040e+01
5.669052128625295950e+01
6.177264121644414985e+01
5.224372209586917393e+01
5.784292964926068237e+01
7.226930292888880558e+01
3.523903883443539087e+01
6.017008548463105910e+01
5.827114076537075249e+01
6.464234253293844290e+01
6.468040135142854297e+01
4.661727550111948659e+01
3.261572207179786176e+01
3.609794104130734382e+01
3.378047171383115455e+01
6.548535541550563721e+01
6.427650557878526172e+01
5.526753996071029462e+01
4.081797951360795196e+01
7.578469089496209676e+01
5.970127520095105211e+01
4.582624538422653870e+01
5.795985055872046132e+01
5.260030358100220127e+01
5.259338178724839707e+01
3.875173835394442534e+01
4.295832662789810286e+01
5.253364707522212740e+01
3.008684352963835451e+01
4.986810906747778915e+01
6.272553819746115522e+01
3.400825048310875331e+01
3.817392563699225860e+01
4.739699658358770051e+01
5.855396864185209438e+01
6.656943258308982081e+01
5.903469335416332342e+01
6.291269675552078411e+01
5.744189678107397157e+01
2.720380607057361999e+01
2.742475290685265676e+01
4.861317034167954887e+01
5.405890888610883849e+01
4.358026559216251883e+01
6.963529072763212469e+01
4.141681833282734715e+01
2.929428900449568474e+01
5.926281987028831111e+01
7.958280676769939532e+01
5.253791775928534946e+01
5.559558363187026941e+01
4.088386315066712484e+01
5.104588771113386514e+01
5.674368627851433899e+01
3.131299390264056015e+01
3.111764931855461214e+01
6.436246433084454566e+01
5.304547228430603667e+01
4.596313899646787604e+01
6.224985652617452558e+01
3.716597106140592643e+01
6.677413227358368886e+01
5.638399779957720170e+01
3.453251759285080169e+01
5.549694855738766819e+01
4.293950243418144908e+01
6.890370803838990810e+01
3.854261718975317308e+01
4.541767849001603707e+01
5.972687901687071133e+01
1.854826851139925381e+01
6.434543761328974654e+01
6.019195548701152632e+01
5.386726886834278361e+01
4.665842051301142135e+01
3.861177009947798666e+01
3.009665952069606121e+01
6.825384375728808095e+01
6.518023461340223434e+01
7.428672199876078253e+01
6.824624065953433671e+01
8.348763755351490090e+01
3.210817033058528835e+01
4.205273834108359665e+01
4.041920735859746117e+01
6.450067116417865520e+01
7.639290656244655509e+01
6.839102790951861266e+01
4.498931426730221261e+01
5.505437297595312174e+01
4.777287104200356538e+01
2.772528540167812139e+01
3.890972621736918313e+01
4.894360551672779991e+01
4.665571538506355864e+01
4.773300702453576605e+01
6.085716950294068539e+01
4.134588315499121336e+01
4.859597616581385182e+01
4.261033649236983933e+01
3.178384877183009394e+01
5.168770020857218128e+01
4.878997981937924777e+01
6.973685896693078234e+01
3.754273871177930744e+01
4.854301777054449474e+01
2.293818598499857231e+01
2.155617274641842229e+01
4.399088688991886897e+01
5.292578358138150207e+01
2.665919384601941999e+01
5.454936194903735469e+01
6.972059037836925199e+01
4.574216968593421484e+01
8.302036393470670816e+01
8.254297322375552426e+01
3.152588774184697229e+01
5.878107399082993823e+01
4.041666327424425020e+01
6.258689644818057474e+01
6.586593576700398955e+01
6.383251451158526635e+01
3.071868498856087371e+01
4.917009141393624105e+01
5.553917293427752355e+01
2.432381980460014148e+01
4.698386800055040169e+01
8.090482656252950733e+01
4.850028075910208258e+01
3.764184429977677127e+01
3.818905971614849193e+01
4.809993904013795429e+01
3.983320261458354850e+01
4.543880112254068848e+01
5.731955181353596629e+01
4.998498547184930629e+01
3.795120703021843411e+01
5.263906976357469603e+01
6.254194872270424810e+01
4.765758056004357712e+01
3.580428713128057439e+01
7.144447698759820753e+01
5.063210920884522181e+01
4.580155926003529032e+01
7.239827188441044825e+01
4.771426202378392389e+01
4.546369880099555161e+01
4.432783735044093731e+01
3.628177676974912913e+01
6.242530883749898152e+01
4.916726999122968067e+01
6.204330131835310880e+01
4.846875910164313694e+01
7.343198133494257718e+01
2.072386294483942493e+01
4.599801025362459939e+01
6.487075987727182280e+01
3.136118079755109633e+01
6.178426722371963820e+01
4.651685470279861079e+01
5.076887464704891073e+01
6.306239279333134107e+01
3.726117839862724423e+01
4.657945092670443188e+01
6.220852063389714459e+01
4.967162746023880970e+01
6.560673865770064594e+01
4.872125020230851078e+01
7.220077132012282561e+01
4.732077309469004689e+01
5.773350980631433771e+01
3.736874684551678882e+01
4.569153116869378550e+01
